<?xml version="1.0" encoding="UTF-8"?>
<testng-results ignored="0" total="1" passed="1" failed="0" skipped="0">
  <reporter-output>
    <line>
      <![CDATA[Before Suite]]>
    </line>
    <line>
      <![CDATA[Before Test]]>
    </line>
    <line>
      <![CDATA[Before Class]]>
    </line>
    <line>
      <![CDATA[Before Method]]>
    </line>
    <line>
      <![CDATA[Test]]>
    </line>
    <line>
      <![CDATA[After Method]]>
    </line>
    <line>
      <![CDATA[After Class]]>
    </line>
    <line>
      <![CDATA[After Test]]>
    </line>
    <line>
      <![CDATA[After Suite]]>
    </line>
  </reporter-output>
  <suite started-at="2019-02-28T02:17:27Z" name="Default suite" finished-at="2019-02-28T02:17:27Z" duration-ms="106">
    <groups>
      <group name="m1">
        <method signature="TestClass.test1()[pri:0, instance:testpackage.TestClass@43c1b556]" name="test1" class="testpackage.TestClass"/>
      </group> <!-- m1 -->
    </groups>
    <test started-at="2019-02-28T02:17:27Z" name="Default test" finished-at="2019-02-28T02:17:27Z" duration-ms="106">
      <class name="testpackage.TestClass">
        <test-method is-config="true" signature="befSuite()[pri:0, instance:testpackage.TestClass@43c1b556]" started-at="2019-02-28T02:17:27Z" name="befSuite" finished-at="2019-02-28T02:17:27Z" duration-ms="26" status="PASS">
          <reporter-output>
            <line>
              <![CDATA[Before Suite]]>
            </line>
          </reporter-output>
        </test-method> <!-- befSuite -->
        <test-method is-config="true" signature="befTest()[pri:0, instance:testpackage.TestClass@43c1b556]" started-at="2019-02-28T02:17:27Z" name="befTest" finished-at="2019-02-28T02:17:27Z" duration-ms="1" status="PASS">
          <reporter-output>
            <line>
              <![CDATA[Before Test]]>
            </line>
          </reporter-output>
        </test-method> <!-- befTest -->
        <test-method is-config="true" signature="befClass()[pri:0, instance:testpackage.TestClass@43c1b556]" started-at="2019-02-28T02:17:27Z" name="befClass" finished-at="2019-02-28T02:17:27Z" duration-ms="2" status="PASS">
          <reporter-output>
            <line>
              <![CDATA[Before Class]]>
            </line>
          </reporter-output>
        </test-method> <!-- befClass -->
        <test-method is-config="true" signature="befMethod()[pri:0, instance:testpackage.TestClass@43c1b556]" started-at="2019-02-28T02:17:27Z" name="befMethod" finished-at="2019-02-28T02:17:27Z" duration-ms="2" status="PASS">
          <reporter-output>
            <line>
              <![CDATA[Before Method]]>
            </line>
          </reporter-output>
        </test-method> <!-- befMethod -->
        <test-method signature="test1()[pri:0, instance:testpackage.TestClass@43c1b556]" started-at="2019-02-28T02:17:27Z" name="test1" finished-at="2019-02-28T02:17:27Z" duration-ms="24" status="PASS">
          <reporter-output>
            <line>
              <![CDATA[Test]]>
            </line>
          </reporter-output>
        </test-method> <!-- test1 -->
        <test-method is-config="true" signature="AftMethod()[pri:0, instance:testpackage.TestClass@43c1b556]" started-at="2019-02-28T02:17:27Z" name="AftMethod" finished-at="2019-02-28T02:17:27Z" duration-ms="2" status="PASS">
          <reporter-output>
            <line>
              <![CDATA[After Method]]>
            </line>
          </reporter-output>
        </test-method> <!-- AftMethod -->
        <test-method is-config="true" signature="AftClass()[pri:0, instance:testpackage.TestClass@43c1b556]" started-at="2019-02-28T02:17:27Z" name="AftClass" finished-at="2019-02-28T02:17:27Z" duration-ms="0" status="PASS">
          <reporter-output>
            <line>
              <![CDATA[After Class]]>
            </line>
          </reporter-output>
        </test-method> <!-- AftClass -->
        <test-method is-config="true" signature="AftTest()[pri:0, instance:testpackage.TestClass@43c1b556]" started-at="2019-02-28T02:17:27Z" name="AftTest" finished-at="2019-02-28T02:17:27Z" duration-ms="1" status="PASS">
          <reporter-output>
            <line>
              <![CDATA[After Test]]>
            </line>
          </reporter-output>
        </test-method> <!-- AftTest -->
        <test-method is-config="true" signature="AftSuite()[pri:0, instance:testpackage.TestClass@43c1b556]" started-at="2019-02-28T02:17:28Z" name="AftSuite" finished-at="2019-02-28T02:17:28Z" duration-ms="1" status="PASS">
          <reporter-output>
            <line>
              <![CDATA[After Suite]]>
            </line>
          </reporter-output>
        </test-method> <!-- AftSuite -->
      </class> <!-- testpackage.TestClass -->
    </test> <!-- Default test -->
  </suite> <!-- Default suite -->
</testng-results>
